<?xml version="1.0" encoding="UTF-8"?>
<!-- Generated by org.testng.reporters.JUnitReportReporter -->
<testsuite skipped="0" hostname="LAPTOP-BGDGB5BJ" name="com.mongo.base.webScrapping" tests="1" failures="0" timestamp="2020-12-12T15:58:42 IST" time="6.965" errors="0">
  <testcase name="webScrapeTest" time="6.965" classname="com.mongo.base.webScrapping"/>
  <system-out/>
</testsuite> <!-- com.mongo.base.webScrapping -->
